20-Nov-2017 20:35:16.102 정보 [main] org.apache.catalina.startup.VersionLoggerListener.log Server version:        Apache Tomcat/9.0.1
20-Nov-2017 20:35:16.119 정보 [main] org.apache.catalina.startup.VersionLoggerListener.log Server built:          Sep 27 2017 17:31:52 UTC
20-Nov-2017 20:35:16.120 정보 [main] org.apache.catalina.startup.VersionLoggerListener.log Server number:         9.0.1.0
20-Nov-2017 20:35:16.120 정보 [main] org.apache.catalina.startup.VersionLoggerListener.log OS Name:               Windows 10
20-Nov-2017 20:35:16.121 정보 [main] org.apache.catalina.startup.VersionLoggerListener.log OS Version:            10.0
20-Nov-2017 20:35:16.121 정보 [main] org.apache.catalina.startup.VersionLoggerListener.log Architecture:          amd64
20-Nov-2017 20:35:16.121 정보 [main] org.apache.catalina.startup.VersionLoggerListener.log Java Home:             C:\Program Files\Java\jdk1.8.0_144\jre
20-Nov-2017 20:35:16.121 정보 [main] org.apache.catalina.startup.VersionLoggerListener.log JVM Version:           1.8.0_144-b01
20-Nov-2017 20:35:16.121 정보 [main] org.apache.catalina.startup.VersionLoggerListener.log JVM Vendor:            Oracle Corporation
20-Nov-2017 20:35:16.122 정보 [main] org.apache.catalina.startup.VersionLoggerListener.log CATALINA_BASE:         E:\Git\SSB\apache-tomcat-9.0.1
20-Nov-2017 20:35:16.122 정보 [main] org.apache.catalina.startup.VersionLoggerListener.log CATALINA_HOME:         E:\Git\SSB\apache-tomcat-9.0.1
20-Nov-2017 20:35:16.122 정보 [main] org.apache.catalina.startup.VersionLoggerListener.log Command line argument: -Djava.util.logging.config.file=E:\Git\SSB\apache-tomcat-9.0.1\conf\logging.properties
20-Nov-2017 20:35:16.123 정보 [main] org.apache.catalina.startup.VersionLoggerListener.log Command line argument: -Djava.util.logging.manager=org.apache.juli.ClassLoaderLogManager
20-Nov-2017 20:35:16.123 정보 [main] org.apache.catalina.startup.VersionLoggerListener.log Command line argument: -Djdk.tls.ephemeralDHKeySize=2048
20-Nov-2017 20:35:16.123 정보 [main] org.apache.catalina.startup.VersionLoggerListener.log Command line argument: -Djava.protocol.handler.pkgs=org.apache.catalina.webresources
20-Nov-2017 20:35:16.123 정보 [main] org.apache.catalina.startup.VersionLoggerListener.log Command line argument: -Dcatalina.base=E:\Git\SSB\apache-tomcat-9.0.1
20-Nov-2017 20:35:16.123 정보 [main] org.apache.catalina.startup.VersionLoggerListener.log Command line argument: -Dcatalina.home=E:\Git\SSB\apache-tomcat-9.0.1
20-Nov-2017 20:35:16.126 정보 [main] org.apache.catalina.startup.VersionLoggerListener.log Command line argument: -Djava.io.tmpdir=E:\Git\SSB\apache-tomcat-9.0.1\temp
20-Nov-2017 20:35:16.128 정보 [main] org.apache.catalina.core.AprLifecycleListener.lifecycleEvent The APR based Apache Tomcat Native library which allows optimal performance in production environments was not found on the java.library.path: [C:\Program Files\Java\jdk1.8.0_144\bin;C:\WINDOWS\Sun\Java\bin;C:\WINDOWS\system32;C:\WINDOWS;C:\ProgramData\Oracle\Java\javapath;C:\WINDOWS\system32;C:\WINDOWS;C:\WINDOWS\System32\Wbem;C:\WINDOWS\System32\WindowsPowerShell\v1.0\;C:\Program Files (x86)\Windows Kits\8.1\Windows Performance Toolkit\;C:\Program Files\Java\jdk1.8.0_144\bin;C:\Program Files\Git\cmd;C:\Program Files\nodejs\;C:\Users\leeju\AppData\Local\Programs\Python\Python36-32\Scripts\;C:\Users\leeju\AppData\Local\Programs\Python\Python36-32\;C:\Users\leeju\AppData\Local\Microsoft\WindowsApps;C:\Users\leeju\AppData\Roaming\npm;.]
20-Nov-2017 20:35:16.631 정보 [main] org.apache.coyote.AbstractProtocol.init Initializing ProtocolHandler ["http-nio-8080"]
20-Nov-2017 20:35:16.877 정보 [main] org.apache.tomcat.util.net.NioSelectorPool.getSharedSelector Using a shared selector for servlet write/read
20-Nov-2017 20:35:16.884 정보 [main] org.apache.coyote.AbstractProtocol.init Initializing ProtocolHandler ["ajp-nio-8009"]
20-Nov-2017 20:35:16.885 정보 [main] org.apache.tomcat.util.net.NioSelectorPool.getSharedSelector Using a shared selector for servlet write/read
20-Nov-2017 20:35:16.887 정보 [main] org.apache.catalina.startup.Catalina.load Initialization processed in 1164 ms
20-Nov-2017 20:35:16.919 정보 [main] org.apache.catalina.core.StandardService.startInternal Starting service [Catalina]
20-Nov-2017 20:35:16.919 정보 [main] org.apache.catalina.core.StandardEngine.startInternal Starting Servlet Engine: Apache Tomcat/9.0.1
20-Nov-2017 20:35:16.931 정보 [main] org.apache.catalina.startup.HostConfig.deployDirectory Deploying web application directory [E:\Git\SSB\apache-tomcat-9.0.1\webapps\docs]
20-Nov-2017 20:35:17.216 정보 [main] org.apache.catalina.startup.HostConfig.deployDirectory Deployment of web application directory [E:\Git\SSB\apache-tomcat-9.0.1\webapps\docs] has finished in [284] ms
20-Nov-2017 20:35:17.216 정보 [main] org.apache.catalina.startup.HostConfig.deployDirectory Deploying web application directory [E:\Git\SSB\apache-tomcat-9.0.1\webapps\examples]
20-Nov-2017 20:35:17.537 정보 [main] org.apache.catalina.startup.HostConfig.deployDirectory Deployment of web application directory [E:\Git\SSB\apache-tomcat-9.0.1\webapps\examples] has finished in [321] ms
20-Nov-2017 20:35:17.537 정보 [main] org.apache.catalina.startup.HostConfig.deployDirectory Deploying web application directory [E:\Git\SSB\apache-tomcat-9.0.1\webapps\host-manager]
20-Nov-2017 20:35:17.585 정보 [main] org.apache.catalina.startup.HostConfig.deployDirectory Deployment of web application directory [E:\Git\SSB\apache-tomcat-9.0.1\webapps\host-manager] has finished in [48] ms
20-Nov-2017 20:35:17.586 정보 [main] org.apache.catalina.startup.HostConfig.deployDirectory Deploying web application directory [E:\Git\SSB\apache-tomcat-9.0.1\webapps\manager]
20-Nov-2017 20:35:17.617 정보 [main] org.apache.catalina.startup.HostConfig.deployDirectory Deployment of web application directory [E:\Git\SSB\apache-tomcat-9.0.1\webapps\manager] has finished in [32] ms
20-Nov-2017 20:35:17.617 정보 [main] org.apache.catalina.startup.HostConfig.deployDirectory Deploying web application directory [E:\Git\SSB\apache-tomcat-9.0.1\webapps\ROOT]
20-Nov-2017 20:35:17.641 정보 [main] org.apache.catalina.startup.HostConfig.deployDirectory Deployment of web application directory [E:\Git\SSB\apache-tomcat-9.0.1\webapps\ROOT] has finished in [24] ms
20-Nov-2017 20:35:17.641 정보 [main] org.apache.catalina.startup.HostConfig.deployDirectory Deploying web application directory [E:\Git\SSB\apache-tomcat-9.0.1\webapps\꼬리치레]
20-Nov-2017 20:35:17.682 정보 [main] org.apache.catalina.startup.HostConfig.deployDirectory Deployment of web application directory [E:\Git\SSB\apache-tomcat-9.0.1\webapps\꼬리치레] has finished in [41] ms
20-Nov-2017 20:35:17.685 정보 [main] org.apache.coyote.AbstractProtocol.start Starting ProtocolHandler ["http-nio-8080"]
20-Nov-2017 20:35:17.695 정보 [main] org.apache.coyote.AbstractProtocol.start Starting ProtocolHandler ["ajp-nio-8009"]
20-Nov-2017 20:35:17.699 정보 [main] org.apache.catalina.startup.Catalina.start Server startup in 807 ms
20-Nov-2017 20:35:39.525 정보 [Thread-5] org.apache.coyote.AbstractProtocol.pause Pausing ProtocolHandler ["http-nio-8080"]
20-Nov-2017 20:35:39.780 정보 [Thread-5] org.apache.coyote.AbstractProtocol.pause Pausing ProtocolHandler ["ajp-nio-8009"]
20-Nov-2017 20:35:39.997 정보 [Thread-5] org.apache.catalina.core.StandardService.stopInternal Stopping service [Catalina]
20-Nov-2017 20:35:40.029 정보 [Thread-5] org.apache.coyote.AbstractProtocol.stop Stopping ProtocolHandler ["http-nio-8080"]
20-Nov-2017 20:35:40.036 정보 [Thread-5] org.apache.coyote.AbstractProtocol.stop Stopping ProtocolHandler ["ajp-nio-8009"]
20-Nov-2017 20:35:40.039 정보 [Thread-5] org.apache.coyote.AbstractProtocol.destroy Destroying ProtocolHandler ["http-nio-8080"]
20-Nov-2017 20:35:40.041 정보 [Thread-5] org.apache.coyote.AbstractProtocol.destroy Destroying ProtocolHandler ["ajp-nio-8009"]
